This is pdfTeX, Version 3.141592653-2.6-1.40.25 (TeX Live 2023) (preloaded format=pdflatex 2026.1.5)  16 APR 2026 15:56
entering extended mode
 restricted \write18 enabled.
 %&-line parsing enabled.
**main.tex
(./main.tex
LaTeX2e <2022-11-01> patch level 1
L3 programming layer <2023-02-22>
(/app/texlive/texmf-dist/tex/latex/base/article.cls
Document Class: article 2022/07/02 v1.4n Standard LaTeX document class
(/app/texlive/texmf-dist/tex/latex/base/size10.clo
File: size10.clo 2022/07/02 v1.4n Standard LaTeX file (size option)
)
\c@part=\count185
\c@section=\count186
\c@subsection=\count187
\c@subsubsection=\count188
\c@paragraph=\count189
\c@subparagraph=\count190
\c@figure=\count191
\c@table=\count192
\abovecaptionskip=\skip48
\belowcaptionskip=\skip49
\bibindent=\dimen140
)
(/app/texlive/texmf-dist/tex/latex/graphics/graphicx.sty
Package: graphicx 2021/09/16 v1.2d Enhanced LaTeX Graphics (DPC,SPQR)

(/app/texlive/texmf-dist/tex/latex/graphics/keyval.sty
Package: keyval 2022/05/29 v1.15 key=value parser (DPC)
\KV@toks@=\toks16
)
(/app/texlive/texmf-dist/tex/latex/graphics/graphics.sty
Package: graphics 2022/03/10 v1.4e Standard LaTeX Graphics (DPC,SPQR)

(/app/texlive/texmf-dist/tex/latex/graphics/trig.sty
Package: trig 2021/08/11 v1.11 sin cos tan (DPC)
)
(/app/texlive/texmf-dist/tex/latex/graphics-cfg/graphics.cfg
File: graphics.cfg 2016/06/04 v1.11 sample graphics configuration
)
Package graphics Info: Driver file: pdftex.def on input line 107.

(/app/texlive/texmf-dist/tex/latex/graphics-def/pdftex.def
File: pdftex.def 2022/09/22 v1.2b Graphics/color driver for pdftex
))
\Gin@req@height=\dimen141
\Gin@req@width=\dimen142
)
(/app/texlive/texmf-dist/tex/latex/amsmath/amsmath.sty
Package: amsmath 2022/04/08 v2.17n AMS math features
\@mathmargin=\skip50

For additional information on amsmath, use the `?' option.
(/app/texlive/texmf-dist/tex/latex/amsmath/amstext.sty
Package: amstext 2021/08/26 v2.01 AMS text

(/app/texlive/texmf-dist/tex/latex/amsmath/amsgen.sty
File: amsgen.sty 1999/11/30 v2.0 generic functions
\@emptytoks=\toks17
\ex@=\dimen143
))
(/app/texlive/texmf-dist/tex/latex/amsmath/amsbsy.sty
Package: amsbsy 1999/11/29 v1.2d Bold Symbols
\pmbraise@=\dimen144
)
(/app/texlive/texmf-dist/tex/latex/amsmath/amsopn.sty
Package: amsopn 2022/04/08 v2.04 operator names
)
\inf@bad=\count193
LaTeX Info: Redefining \frac on input line 234.
\uproot@=\count194
\leftroot@=\count195
LaTeX Info: Redefining \overline on input line 399.
LaTeX Info: Redefining \colon on input line 410.
\classnum@=\count196
\DOTSCASE@=\count197
LaTeX Info: Redefining \ldots on input line 496.
LaTeX Info: Redefining \dots on input line 499.
LaTeX Info: Redefining \cdots on input line 620.
\Mathstrutbox@=\box51
\strutbox@=\box52
LaTeX Info: Redefining \big on input line 722.
LaTeX Info: Redefining \Big on input line 723.
LaTeX Info: Redefining \bigg on input line 724.
LaTeX Info: Redefining \Bigg on input line 725.
\big@size=\dimen145
LaTeX Font Info:    Redeclaring font encoding OML on input line 743.
LaTeX Font Info:    Redeclaring font encoding OMS on input line 744.
\macc@depth=\count198
LaTeX Info: Redefining \bmod on input line 905.
LaTeX Info: Redefining \pmod on input line 910.
LaTeX Info: Redefining \smash on input line 940.
LaTeX Info: Redefining \relbar on input line 970.
LaTeX Info: Redefining \Relbar on input line 971.
\c@MaxMatrixCols=\count199
\dotsspace@=\muskip16
\c@parentequation=\count266
\dspbrk@lvl=\count267
\tag@help=\toks18
\row@=\count268
\column@=\count269
\maxfields@=\count270
\andhelp@=\toks19
\eqnshift@=\dimen146
\alignsep@=\dimen147
\tagshift@=\dimen148
\tagwidth@=\dimen149
\totwidth@=\dimen150
\lineht@=\dimen151
\@envbody=\toks20
\multlinegap=\skip51
\multlinetaggap=\skip52
\mathdisplay@stack=\toks21
LaTeX Info: Redefining \[ on input line 2953.
LaTeX Info: Redefining \] on input line 2954.
)
(/app/texlive/texmf-dist/tex/latex/cancel/cancel.sty
Package: cancel 2013/04/12 v2.2 Cancel math terms
)
(/app/texlive/texmf-dist/tex/latex/enumitem/enumitem.sty
Package: enumitem 2019/06/20 v3.9 Customized lists
\labelindent=\skip53
\enit@outerparindent=\dimen152
\enit@toks=\toks22
\enit@inbox=\box53
\enit@count@id=\count271
\enitdp@description=\count272
)
(/app/texlive/texmf-dist/tex/latex/geometry/geometry.sty
Package: geometry 2020/01/02 v5.9 Page Geometry

(/app/texlive/texmf-dist/tex/generic/iftex/ifvtex.sty
Package: ifvtex 2019/10/25 v1.7 ifvtex legacy package. Use iftex instead.

(/app/texlive/texmf-dist/tex/generic/iftex/iftex.sty
Package: iftex 2022/02/03 v1.0f TeX engine tests
))
\Gm@cnth=\count273
\Gm@cntv=\count274
\c@Gm@tempcnt=\count275
\Gm@bindingoffset=\dimen153
\Gm@wd@mp=\dimen154
\Gm@odd@mp=\dimen155
\Gm@even@mp=\dimen156
\Gm@layoutwidth=\dimen157
\Gm@layoutheight=\dimen158
\Gm@layouthoffset=\dimen159
\Gm@layoutvoffset=\dimen160
\Gm@dimlist=\toks23
)
(/app/texlive/texmf-dist/tex/latex/hyperref/hyperref.sty
Package: hyperref 2023-02-07 v7.00v Hypertext links for LaTeX

(/app/texlive/texmf-dist/tex/generic/ltxcmds/ltxcmds.sty
Package: ltxcmds 2020-05-10 v1.25 LaTeX kernel commands for general use (HO)
)
(/app/texlive/texmf-dist/tex/generic/pdftexcmds/pdftexcmds.sty
Package: pdftexcmds 2020-06-27 v0.33 Utility functions of pdfTeX for LuaTeX (HO
)

(/app/texlive/texmf-dist/tex/generic/infwarerr/infwarerr.sty
Package: infwarerr 2019/12/03 v1.5 Providing info/warning/error messages (HO)
)
Package pdftexcmds Info: \pdf@primitive is available.
Package pdftexcmds Info: \pdf@ifprimitive is available.
Package pdftexcmds Info: \pdfdraftmode found.
)
(/app/texlive/texmf-dist/tex/latex/kvsetkeys/kvsetkeys.sty
Package: kvsetkeys 2022-10-05 v1.19 Key value parser (HO)
)
(/app/texlive/texmf-dist/tex/generic/kvdefinekeys/kvdefinekeys.sty
Package: kvdefinekeys 2019-12-19 v1.6 Define keys (HO)
)
(/app/texlive/texmf-dist/tex/generic/pdfescape/pdfescape.sty
Package: pdfescape 2019/12/09 v1.15 Implements pdfTeX's escape features (HO)
)
(/app/texlive/texmf-dist/tex/latex/hycolor/hycolor.sty
Package: hycolor 2020-01-27 v1.10 Color options for hyperref/bookmark (HO)
)
(/app/texlive/texmf-dist/tex/latex/letltxmacro/letltxmacro.sty
Package: letltxmacro 2019/12/03 v1.6 Let assignment for LaTeX macros (HO)
)
(/app/texlive/texmf-dist/tex/latex/auxhook/auxhook.sty
Package: auxhook 2019-12-17 v1.6 Hooks for auxiliary files (HO)
)
(/app/texlive/texmf-dist/tex/latex/hyperref/nameref.sty
Package: nameref 2022-05-17 v2.50 Cross-referencing by name of section

(/app/texlive/texmf-dist/tex/latex/refcount/refcount.sty
Package: refcount 2019/12/15 v3.6 Data extraction from label references (HO)
)
(/app/texlive/texmf-dist/tex/generic/gettitlestring/gettitlestring.sty
Package: gettitlestring 2019/12/15 v1.6 Cleanup title references (HO)

(/app/texlive/texmf-dist/tex/latex/kvoptions/kvoptions.sty
Package: kvoptions 2022-06-15 v3.15 Key value format for package options (HO)
))
\c@section@level=\count276
)
\@linkdim=\dimen161
\Hy@linkcounter=\count277
\Hy@pagecounter=\count278

(/app/texlive/texmf-dist/tex/latex/hyperref/pd1enc.def
File: pd1enc.def 2023-02-07 v7.00v Hyperref: PDFDocEncoding definition (HO)
Now handling font encoding PD1 ...
... no UTF-8 mapping file for font encoding PD1
)
(/app/texlive/texmf-dist/tex/generic/intcalc/intcalc.sty
Package: intcalc 2019/12/15 v1.3 Expandable calculations with integers (HO)
)
(/app/texlive/texmf-dist/tex/generic/etexcmds/etexcmds.sty
Package: etexcmds 2019/12/15 v1.7 Avoid name clashes with e-TeX commands (HO)
)
\Hy@SavedSpaceFactor=\count279

(/app/texlive/texmf-dist/tex/latex/hyperref/puenc.def
File: puenc.def 2023-02-07 v7.00v Hyperref: PDF Unicode definition (HO)
Now handling font encoding PU ...
... no UTF-8 mapping file for font encoding PU
)
Package hyperref Info: Hyper figures OFF on input line 4177.
Package hyperref Info: Link nesting OFF on input line 4182.
Package hyperref Info: Hyper index ON on input line 4185.
Package hyperref Info: Plain pages OFF on input line 4192.
Package hyperref Info: Backreferencing OFF on input line 4197.
Package hyperref Info: Implicit mode ON; LaTeX internals redefined.
Package hyperref Info: Bookmarks ON on input line 4425.
\c@Hy@tempcnt=\count280

(/app/texlive/texmf-dist/tex/latex/url/url.sty
\Urlmuskip=\muskip17
Package: url 2013/09/16  ver 3.4  Verb mode for urls, etc.
)
LaTeX Info: Redefining \url on input line 4763.
\XeTeXLinkMargin=\dimen162

(/app/texlive/texmf-dist/tex/generic/bitset/bitset.sty
Package: bitset 2019/12/09 v1.3 Handle bit-vector datatype (HO)

(/app/texlive/texmf-dist/tex/generic/bigintcalc/bigintcalc.sty
Package: bigintcalc 2019/12/15 v1.5 Expandable calculations on big integers (HO
)
))
\Fld@menulength=\count281
\Field@Width=\dimen163
\Fld@charsize=\dimen164
Package hyperref Info: Hyper figures OFF on input line 6042.
Package hyperref Info: Link nesting OFF on input line 6047.
Package hyperref Info: Hyper index ON on input line 6050.
Package hyperref Info: backreferencing OFF on input line 6057.
Package hyperref Info: Link coloring OFF on input line 6062.
Package hyperref Info: Link coloring with OCG OFF on input line 6067.
Package hyperref Info: PDF/A mode OFF on input line 6072.

(/app/texlive/texmf-dist/tex/latex/base/atbegshi-ltx.sty
Package: atbegshi-ltx 2021/01/10 v1.0c Emulation of the original atbegshi
package with kernel methods
)
\Hy@abspage=\count282
\c@Item=\count283
\c@Hfootnote=\count284
)
Package hyperref Info: Driver (autodetected): hpdftex.

(/app/texlive/texmf-dist/tex/latex/hyperref/hpdftex.def
File: hpdftex.def 2023-02-07 v7.00v Hyperref driver for pdfTeX

(/app/texlive/texmf-dist/tex/latex/base/atveryend-ltx.sty
Package: atveryend-ltx 2020/08/19 v1.0a Emulation of the original atveryend pac
kage
with kernel methods
)
\Fld@listcount=\count285
\c@bookmark@seq@number=\count286

(/app/texlive/texmf-dist/tex/latex/rerunfilecheck/rerunfilecheck.sty
Package: rerunfilecheck 2022-07-10 v1.10 Rerun checks for auxiliary files (HO)

(/app/texlive/texmf-dist/tex/generic/uniquecounter/uniquecounter.sty
Package: uniquecounter 2019/12/15 v1.4 Provide unlimited unique counter (HO)
)
Package uniquecounter Info: New unique counter `rerunfilecheck' on input line 2
85.
)
\Hy@SectionHShift=\skip54
)
(/app/texlive/texmf-dist/tex/latex/wrapfig/wrapfig.sty
\wrapoverhang=\dimen165
\WF@size=\dimen166
\c@WF@wrappedlines=\count287
\WF@box=\box54
\WF@everypar=\toks24
Package: wrapfig 2003/01/31  v 3.6
)
(/app/texlive/texmf-dist/tex/latex/comment/comment.sty
\CommentStream=\write3

Excluding comment 'comment') (/app/texlive/texmf-dist/tex/latex/tools/array.sty
Package: array 2022/09/04 v2.5g Tabular extension package (FMi)
\col@sep=\dimen167
\ar@mcellbox=\box55
\extrarowheight=\dimen168
\NC@list=\toks25
\extratabsurround=\skip55
\backup@length=\skip56
\ar@cellbox=\box56
) (/app/texlive/texmf-dist/tex/latex/float/float.sty
Package: float 2001/11/08 v1.3d Float enhancements (AL)
\c@float@type=\count288
\float@exts=\toks26
\float@box=\box57
\@float@everytoks=\toks27
\@floatcapt=\box58
)
(/app/texlive/texmf-dist/tex/latex/caption/subcaption.sty
Package: subcaption 2023/02/19 v1.6 Sub-captions (AR)

(/app/texlive/texmf-dist/tex/latex/caption/caption.sty
Package: caption 2023/03/12 v3.6j Customizing captions (AR)

(/app/texlive/texmf-dist/tex/latex/caption/caption3.sty
Package: caption3 2023/03/12 v2.4 caption3 kernel (AR)
\caption@tempdima=\dimen169
\captionmargin=\dimen170
\caption@leftmargin=\dimen171
\caption@rightmargin=\dimen172
\caption@width=\dimen173
\caption@indent=\dimen174
\caption@parindent=\dimen175
\caption@hangindent=\dimen176
Package caption Info: Standard document class detected.
)
\c@caption@flags=\count289
\c@continuedfloat=\count290
Package caption Info: float package is loaded.
Package caption Info: hyperref package is loaded.
Package caption Info: wrapfig package is loaded.
)
Package caption Info: New subtype `subfigure' on input line 239.
\c@subfigure=\count291
Package caption Info: New subtype `subtable' on input line 239.
\c@subtable=\count292
)
(/app/texlive/texmf-dist/tex/latex/forest/forest.sty
Package: forest 2017/07/14 v2.1.5 Drawing (linguistic) trees

(/app/texlive/texmf-dist/tex/latex/pgf/frontendlayer/tikz.sty
(/app/texlive/texmf-dist/tex/latex/pgf/basiclayer/pgf.sty
(/app/texlive/texmf-dist/tex/latex/pgf/utilities/pgfrcs.sty
(/app/texlive/texmf-dist/tex/generic/pgf/utilities/pgfutil-common.tex
\pgfutil@everybye=\toks28
\pgfutil@tempdima=\dimen177
\pgfutil@tempdimb=\dimen178
)
(/app/texlive/texmf-dist/tex/generic/pgf/utilities/pgfutil-latex.def
\pgfutil@abb=\box59
)
(/app/texlive/texmf-dist/tex/generic/pgf/utilities/pgfrcs.code.tex
(/app/texlive/texmf-dist/tex/generic/pgf/pgf.revision.tex)
Package: pgfrcs 2023-01-15 v3.1.10 (3.1.10)
))
Package: pgf 2023-01-15 v3.1.10 (3.1.10)

(/app/texlive/texmf-dist/tex/latex/pgf/basiclayer/pgfcore.sty
(/app/texlive/texmf-dist/tex/latex/pgf/systemlayer/pgfsys.sty
(/app/texlive/texmf-dist/tex/generic/pgf/systemlayer/pgfsys.code.tex
Package: pgfsys 2023-01-15 v3.1.10 (3.1.10)

(/app/texlive/texmf-dist/tex/generic/pgf/utilities/pgfkeys.code.tex
\pgfkeys@pathtoks=\toks29
\pgfkeys@temptoks=\toks30

(/app/texlive/texmf-dist/tex/generic/pgf/utilities/pgfkeyslibraryfiltered.code.
tex
\pgfkeys@tmptoks=\toks31
))
\pgf@x=\dimen179
\pgf@y=\dimen180
\pgf@xa=\dimen181
\pgf@ya=\dimen182
\pgf@xb=\dimen183
\pgf@yb=\dimen184
\pgf@xc=\dimen185
\pgf@yc=\dimen186
\pgf@xd=\dimen187
\pgf@yd=\dimen188
\w@pgf@writea=\write4
\r@pgf@reada=\read2
\c@pgf@counta=\count293
\c@pgf@countb=\count294
\c@pgf@countc=\count295
\c@pgf@countd=\count296
\t@pgf@toka=\toks32
\t@pgf@tokb=\toks33
\t@pgf@tokc=\toks34
\pgf@sys@id@count=\count297
 (/app/texlive/texmf-dist/tex/generic/pgf/systemlayer/pgf.cfg
File: pgf.cfg 2023-01-15 v3.1.10 (3.1.10)
)
Driver file for pgf: pgfsys-pdftex.def

(/app/texlive/texmf-dist/tex/generic/pgf/systemlayer/pgfsys-pdftex.def
File: pgfsys-pdftex.def 2023-01-15 v3.1.10 (3.1.10)

(/app/texlive/texmf-dist/tex/generic/pgf/systemlayer/pgfsys-common-pdf.def
File: pgfsys-common-pdf.def 2023-01-15 v3.1.10 (3.1.10)
)))
(/app/texlive/texmf-dist/tex/generic/pgf/systemlayer/pgfsyssoftpath.code.tex
File: pgfsyssoftpath.code.tex 2023-01-15 v3.1.10 (3.1.10)
\pgfsyssoftpath@smallbuffer@items=\count298
\pgfsyssoftpath@bigbuffer@items=\count299
)
(/app/texlive/texmf-dist/tex/generic/pgf/systemlayer/pgfsysprotocol.code.tex
File: pgfsysprotocol.code.tex 2023-01-15 v3.1.10 (3.1.10)
))
(/app/texlive/texmf-dist/tex/latex/xcolor/xcolor.sty
Package: xcolor 2022/06/12 v2.14 LaTeX color extensions (UK)

(/app/texlive/texmf-dist/tex/latex/graphics-cfg/color.cfg
File: color.cfg 2016/01/02 v1.6 sample color configuration
)
Package xcolor Info: Driver file: pdftex.def on input line 227.

(/app/texlive/texmf-dist/tex/latex/graphics/mathcolor.ltx)
Package xcolor Info: Model `cmy' substituted by `cmy0' on input line 1353.
Package xcolor Info: Model `hsb' substituted by `rgb' on input line 1357.
Package xcolor Info: Model `RGB' extended on input line 1369.
Package xcolor Info: Model `HTML' substituted by `rgb' on input line 1371.
Package xcolor Info: Model `Hsb' substituted by `hsb' on input line 1372.
Package xcolor Info: Model `tHsb' substituted by `hsb' on input line 1373.
Package xcolor Info: Model `HSB' substituted by `hsb' on input line 1374.
Package xcolor Info: Model `Gray' substituted by `gray' on input line 1375.
Package xcolor Info: Model `wave' substituted by `hsb' on input line 1376.
)
(/app/texlive/texmf-dist/tex/generic/pgf/basiclayer/pgfcore.code.tex
Package: pgfcore 2023-01-15 v3.1.10 (3.1.10)

(/app/texlive/texmf-dist/tex/generic/pgf/math/pgfmath.code.tex
(/app/texlive/texmf-dist/tex/generic/pgf/math/pgfmathutil.code.tex)
(/app/texlive/texmf-dist/tex/generic/pgf/math/pgfmathparser.code.tex
\pgfmath@dimen=\dimen189
\pgfmath@count=\count300
\pgfmath@box=\box60
\pgfmath@toks=\toks35
\pgfmath@stack@operand=\toks36
\pgfmath@stack@operation=\toks37
)
(/app/texlive/texmf-dist/tex/generic/pgf/math/pgfmathfunctions.code.tex)
(/app/texlive/texmf-dist/tex/generic/pgf/math/pgfmathfunctions.basic.code.tex)
(/app/texlive/texmf-dist/tex/generic/pgf/math/pgfmathfunctions.trigonometric.co
de.tex)
(/app/texlive/texmf-dist/tex/generic/pgf/math/pgfmathfunctions.random.code.tex)

(/app/texlive/texmf-dist/tex/generic/pgf/math/pgfmathfunctions.comparison.code.
tex)
(/app/texlive/texmf-dist/tex/generic/pgf/math/pgfmathfunctions.base.code.tex)
(/app/texlive/texmf-dist/tex/generic/pgf/math/pgfmathfunctions.round.code.tex)
(/app/texlive/texmf-dist/tex/generic/pgf/math/pgfmathfunctions.misc.code.tex)
(/app/texlive/texmf-dist/tex/generic/pgf/math/pgfmathfunctions.integerarithmeti
cs.code.tex) (/app/texlive/texmf-dist/tex/generic/pgf/math/pgfmathcalc.code.tex
) (/app/texlive/texmf-dist/tex/generic/pgf/math/pgfmathfloat.code.tex
\c@pgfmathroundto@lastzeros=\count301
))
(/app/texlive/texmf-dist/tex/generic/pgf/math/pgfint.code.tex)
(/app/texlive/texmf-dist/tex/generic/pgf/basiclayer/pgfcorepoints.code.tex
File: pgfcorepoints.code.tex 2023-01-15 v3.1.10 (3.1.10)
\pgf@picminx=\dimen190
\pgf@picmaxx=\dimen191
\pgf@picminy=\dimen192
\pgf@picmaxy=\dimen193
\pgf@pathminx=\dimen194
\pgf@pathmaxx=\dimen195
\pgf@pathminy=\dimen196
\pgf@pathmaxy=\dimen197
\pgf@xx=\dimen198
\pgf@xy=\dimen199
\pgf@yx=\dimen256
\pgf@yy=\dimen257
\pgf@zx=\dimen258
\pgf@zy=\dimen259
)
(/app/texlive/texmf-dist/tex/generic/pgf/basiclayer/pgfcorepathconstruct.code.t
ex
File: pgfcorepathconstruct.code.tex 2023-01-15 v3.1.10 (3.1.10)
\pgf@path@lastx=\dimen260
\pgf@path@lasty=\dimen261
)
(/app/texlive/texmf-dist/tex/generic/pgf/basiclayer/pgfcorepathusage.code.tex
File: pgfcorepathusage.code.tex 2023-01-15 v3.1.10 (3.1.10)
\pgf@shorten@end@additional=\dimen262
\pgf@shorten@start@additional=\dimen263
)
(/app/texlive/texmf-dist/tex/generic/pgf/basiclayer/pgfcorescopes.code.tex
File: pgfcorescopes.code.tex 2023-01-15 v3.1.10 (3.1.10)
\pgfpic=\box61
\pgf@hbox=\box62
\pgf@layerbox@main=\box63
\pgf@picture@serial@count=\count302
)
(/app/texlive/texmf-dist/tex/generic/pgf/basiclayer/pgfcoregraphicstate.code.te
x
File: pgfcoregraphicstate.code.tex 2023-01-15 v3.1.10 (3.1.10)
\pgflinewidth=\dimen264
)
(/app/texlive/texmf-dist/tex/generic/pgf/basiclayer/pgfcoretransformations.code
.tex
File: pgfcoretransformations.code.tex 2023-01-15 v3.1.10 (3.1.10)
\pgf@pt@x=\dimen265
\pgf@pt@y=\dimen266
\pgf@pt@temp=\dimen267
) (/app/texlive/texmf-dist/tex/generic/pgf/basiclayer/pgfcorequick.code.tex
File: pgfcorequick.code.tex 2023-01-15 v3.1.10 (3.1.10)
) (/app/texlive/texmf-dist/tex/generic/pgf/basiclayer/pgfcoreobjects.code.tex
File: pgfcoreobjects.code.tex 2023-01-15 v3.1.10 (3.1.10)
)
(/app/texlive/texmf-dist/tex/generic/pgf/basiclayer/pgfcorepathprocessing.code.
tex
File: pgfcorepathprocessing.code.tex 2023-01-15 v3.1.10 (3.1.10)
) (/app/texlive/texmf-dist/tex/generic/pgf/basiclayer/pgfcorearrows.code.tex
File: pgfcorearrows.code.tex 2023-01-15 v3.1.10 (3.1.10)
\pgfarrowsep=\dimen268
) (/app/texlive/texmf-dist/tex/generic/pgf/basiclayer/pgfcoreshade.code.tex
File: pgfcoreshade.code.tex 2023-01-15 v3.1.10 (3.1.10)
\pgf@max=\dimen269
\pgf@sys@shading@range@num=\count303
\pgf@shadingcount=\count304
)
(/app/texlive/texmf-dist/tex/generic/pgf/basiclayer/pgfcoreimage.code.tex
File: pgfcoreimage.code.tex 2023-01-15 v3.1.10 (3.1.10)
)
(/app/texlive/texmf-dist/tex/generic/pgf/basiclayer/pgfcoreexternal.code.tex
File: pgfcoreexternal.code.tex 2023-01-15 v3.1.10 (3.1.10)
\pgfexternal@startupbox=\box64
)
(/app/texlive/texmf-dist/tex/generic/pgf/basiclayer/pgfcorelayers.code.tex
File: pgfcorelayers.code.tex 2023-01-15 v3.1.10 (3.1.10)
)
(/app/texlive/texmf-dist/tex/generic/pgf/basiclayer/pgfcoretransparency.code.te
x
File: pgfcoretransparency.code.tex 2023-01-15 v3.1.10 (3.1.10)
) (/app/texlive/texmf-dist/tex/generic/pgf/basiclayer/pgfcorepatterns.code.tex
File: pgfcorepatterns.code.tex 2023-01-15 v3.1.10 (3.1.10)
) (/app/texlive/texmf-dist/tex/generic/pgf/basiclayer/pgfcorerdf.code.tex
File: pgfcorerdf.code.tex 2023-01-15 v3.1.10 (3.1.10)
)))
(/app/texlive/texmf-dist/tex/generic/pgf/modules/pgfmoduleshapes.code.tex
File: pgfmoduleshapes.code.tex 2023-01-15 v3.1.10 (3.1.10)
\pgfnodeparttextbox=\box65
)
(/app/texlive/texmf-dist/tex/generic/pgf/modules/pgfmoduleplot.code.tex
File: pgfmoduleplot.code.tex 2023-01-15 v3.1.10 (3.1.10)
)
(/app/texlive/texmf-dist/tex/latex/pgf/compatibility/pgfcomp-version-0-65.sty
Package: pgfcomp-version-0-65 2023-01-15 v3.1.10 (3.1.10)
\pgf@nodesepstart=\dimen270
\pgf@nodesepend=\dimen271
)
(/app/texlive/texmf-dist/tex/latex/pgf/compatibility/pgfcomp-version-1-18.sty
Package: pgfcomp-version-1-18 2023-01-15 v3.1.10 (3.1.10)
)) (/app/texlive/texmf-dist/tex/latex/pgf/utilities/pgffor.sty
(/app/texlive/texmf-dist/tex/latex/pgf/utilities/pgfkeys.sty
(/app/texlive/texmf-dist/tex/generic/pgf/utilities/pgfkeys.code.tex))
(/app/texlive/texmf-dist/tex/latex/pgf/math/pgfmath.sty
(/app/texlive/texmf-dist/tex/generic/pgf/math/pgfmath.code.tex))
(/app/texlive/texmf-dist/tex/generic/pgf/utilities/pgffor.code.tex
Package: pgffor 2023-01-15 v3.1.10 (3.1.10)
\pgffor@iter=\dimen272
\pgffor@skip=\dimen273
\pgffor@stack=\toks38
\pgffor@toks=\toks39
))
(/app/texlive/texmf-dist/tex/generic/pgf/frontendlayer/tikz/tikz.code.tex
Package: tikz 2023-01-15 v3.1.10 (3.1.10)

(/app/texlive/texmf-dist/tex/generic/pgf/libraries/pgflibraryplothandlers.code.
tex
File: pgflibraryplothandlers.code.tex 2023-01-15 v3.1.10 (3.1.10)
\pgf@plot@mark@count=\count305
\pgfplotmarksize=\dimen274
)
\tikz@lastx=\dimen275
\tikz@lasty=\dimen276
\tikz@lastxsaved=\dimen277
\tikz@lastysaved=\dimen278
\tikz@lastmovetox=\dimen279
\tikz@lastmovetoy=\dimen280
\tikzleveldistance=\dimen281
\tikzsiblingdistance=\dimen282
\tikz@figbox=\box66
\tikz@figbox@bg=\box67
\tikz@tempbox=\box68
\tikz@tempbox@bg=\box69
\tikztreelevel=\count306
\tikznumberofchildren=\count307
\tikznumberofcurrentchild=\count308
\tikz@fig@count=\count309
 (/app/texlive/texmf-dist/tex/generic/pgf/modules/pgfmodulematrix.code.tex
File: pgfmodulematrix.code.tex 2023-01-15 v3.1.10 (3.1.10)
\pgfmatrixcurrentrow=\count310
\pgfmatrixcurrentcolumn=\count311
\pgf@matrix@numberofcolumns=\count312
)
\tikz@expandcount=\count313

(/app/texlive/texmf-dist/tex/generic/pgf/frontendlayer/tikz/libraries/tikzlibra
rytopaths.code.tex
File: tikzlibrarytopaths.code.tex 2023-01-15 v3.1.10 (3.1.10)
)))
(/app/texlive/texmf-dist/tex/generic/pgf/frontendlayer/tikz/libraries/tikzlibra
ryshapes.code.tex
File: tikzlibraryshapes.code.tex 2023-01-15 v3.1.10 (3.1.10)

(/app/texlive/texmf-dist/tex/generic/pgf/frontendlayer/tikz/libraries/tikzlibra
ryshapes.geometric.code.tex
File: tikzlibraryshapes.geometric.code.tex 2023-01-15 v3.1.10 (3.1.10)

(/app/texlive/texmf-dist/tex/generic/pgf/libraries/shapes/pgflibraryshapes.geom
etric.code.tex
File: pgflibraryshapes.geometric.code.tex 2023-01-15 v3.1.10 (3.1.10)
))
(/app/texlive/texmf-dist/tex/generic/pgf/frontendlayer/tikz/libraries/tikzlibra
ryshapes.misc.code.tex
File: tikzlibraryshapes.misc.code.tex 2023-01-15 v3.1.10 (3.1.10)

(/app/texlive/texmf-dist/tex/generic/pgf/libraries/shapes/pgflibraryshapes.misc
.code.tex
File: pgflibraryshapes.misc.code.tex 2023-01-15 v3.1.10 (3.1.10)
))
(/app/texlive/texmf-dist/tex/generic/pgf/frontendlayer/tikz/libraries/tikzlibra
ryshapes.symbols.code.tex
File: tikzlibraryshapes.symbols.code.tex 2023-01-15 v3.1.10 (3.1.10)

(/app/texlive/texmf-dist/tex/generic/pgf/libraries/shapes/pgflibraryshapes.symb
ols.code.tex
File: pgflibraryshapes.symbols.code.tex 2023-01-15 v3.1.10 (3.1.10)
))
(/app/texlive/texmf-dist/tex/generic/pgf/frontendlayer/tikz/libraries/tikzlibra
ryshapes.arrows.code.tex
File: tikzlibraryshapes.arrows.code.tex 2023-01-15 v3.1.10 (3.1.10)

(/app/texlive/texmf-dist/tex/generic/pgf/libraries/shapes/pgflibraryshapes.arro
ws.code.tex
File: pgflibraryshapes.arrows.code.tex 2023-01-15 v3.1.10 (3.1.10)
))
(/app/texlive/texmf-dist/tex/generic/pgf/frontendlayer/tikz/libraries/tikzlibra
ryshapes.callouts.code.tex
(/app/texlive/texmf-dist/tex/generic/pgf/libraries/shapes/pgflibraryshapes.call
outs.code.tex))
(/app/texlive/texmf-dist/tex/generic/pgf/frontendlayer/tikz/libraries/tikzlibra
ryshapes.multipart.code.tex
File: tikzlibraryshapes.multipart.code.tex 2023-01-15 v3.1.10 (3.1.10)

(/app/texlive/texmf-dist/tex/generic/pgf/libraries/shapes/pgflibraryshapes.mult
ipart.code.tex
File: pgflibraryshapes.multipart.code.tex 2023-01-15 v3.1.10 (3.1.10)
\pgfnodepartlowerbox=\box70
\pgfnodeparttwobox=\box71
\pgfnodepartthreebox=\box72
\pgfnodepartfourbox=\box73
\pgfnodeparttwentybox=\box74
\pgfnodepartnineteenbox=\box75
\pgfnodeparteighteenbox=\box76
\pgfnodepartseventeenbox=\box77
\pgfnodepartsixteenbox=\box78
\pgfnodepartfifteenbox=\box79
\pgfnodepartfourteenbox=\box80
\pgfnodepartthirteenbox=\box81
\pgfnodeparttwelvebox=\box82
\pgfnodepartelevenbox=\box83
\pgfnodeparttenbox=\box84
\pgfnodepartninebox=\box85
\pgfnodeparteightbox=\box86
\pgfnodepartsevenbox=\box87
\pgfnodepartsixbox=\box88
\pgfnodepartfivebox=\box89
)))
(/app/texlive/texmf-dist/tex/generic/pgf/frontendlayer/tikz/libraries/tikzlibra
ryfit.code.tex
File: tikzlibraryfit.code.tex 2023-01-15 v3.1.10 (3.1.10)
)
(/app/texlive/texmf-dist/tex/generic/pgf/frontendlayer/tikz/libraries/tikzlibra
rycalc.code.tex
File: tikzlibrarycalc.code.tex 2023-01-15 v3.1.10 (3.1.10)
)
(/app/texlive/texmf-dist/tex/generic/pgf/libraries/pgflibraryintersections.code
.tex (/app/texlive/texmf-dist/tex/generic/pgf/libraries/pgflibraryfpu.code.tex)
\pgf@intersect@solutions=\count314
) (/app/texlive/texmf-dist/tex/latex/pgfopts/pgfopts.sty
Package: pgfopts 2014/07/10 v2.1a LaTeX package options with pgfkeys
\pgfopts@list@add@a@toks=\toks40
\pgfopts@list@add@b@toks=\toks41
)
(/app/texlive/texmf-dist/tex/latex/etoolbox/etoolbox.sty
Package: etoolbox 2020/10/05 v2.5k e-TeX tools for LaTeX (JAW)
\etb@tempcnta=\count315
)
(/app/texlive/texmf-dist/tex/latex/elocalloc/elocalloc.sty
Package: elocalloc 2016/12/15 v0.03 local allocation for LaTeX 2015+ (DPC)
)
(/app/texlive/texmf-dist/tex/latex/environ/environ.sty
Package: environ 2014/05/04 v0.3 A new way to define environments

(/app/texlive/texmf-dist/tex/latex/trimspaces/trimspaces.sty
Package: trimspaces 2009/09/17 v1.1 Trim spaces around a token list
))
(/app/texlive/texmf-dist/tex/latex/l3packages/xparse/xparse.sty
(/app/texlive/texmf-dist/tex/latex/l3kernel/expl3.sty
Package: expl3 2023-02-22 L3 programming layer (loader) 

(/app/texlive/texmf-dist/tex/latex/l3backend/l3backend-pdftex.def
File: l3backend-pdftex.def 2023-01-16 L3 backend support: PDF output (pdfTeX)
\l__color_backend_stack_int=\count316
\l__pdf_internal_box=\box90
))
Package: xparse 2023-02-02 L3 Experimental document command parser
)
(/app/texlive/texmf-dist/tex/latex/inlinedef/inlinedef.sty
Package: inlinedef 2008/07/10 v1.0 Inlined expansions within definitions
\ID@toks=\toks42
\ID@count=\count317
)
\ID@usercommands=\toks43
\safeloop@depth=\count318
\safeRKloop@depth=\count319
\forest@temp@dimen=\dimen283
\forest@temp@count=\count320
\forest@n=\count321
\forest@temp@global@count=\count322
\forest@temp@toks=\toks44
\forest@temparray@M=\count323
\forest@temparray@N=\count324
\forest@global@temparray@M=\count325
\forest@global@temparray@N=\count326
\forest@isnum@count=\count327
\forest@isdim@nonintpart=\count328
\forest@isdim@dimen=\dimen284
\forest@sort@m=\count329
\forest@sort@k=\count330
\forest@sort@p=\count331
\bracket@content=\toks45
\bracket@afterthought=\toks46
\forest@node@maxid=\count332
\forest@process@left@M=\count333
\forest@process@left@N=\count334
\forest@process@right@M=\count335
\forest@process@right@N=\count336
\forest@process@saved@M=\count337
\forest@process@saved@N=\count338
\forest@process@result@M=\count339
\forest@process@result@N=\count340
\forest@process@n=\count341
\forest@nodewalk@branch@toks=\toks47
\forest@nodewalk@shortsteps@resolution=\toks48
\forest@do@dynamics=\toks49
\forest@box=\box91
\forest@xg=\dimen285
\forest@yg=\dimen286
\forest@xs=\dimen287
\forest@ys=\dimen288
\forest@pi@toks=\toks50
\forest@segment@toks=\toks51
\forest@PIi@toks=\toks52
\forest@PIii@toks=\toks53
\forest@copy@in=\read3
\forest@copy@out=\write5
\forest@externalize@max@outer@n=\count342
\forest@externalize@inner@n=\count343
)
(/app/texlive/texmf-dist/tex/generic/pgf/frontendlayer/tikz/libraries/tikzlibra
ryintersections.code.tex) (/app/texlive/texmf-dist/tex/latex/tools/multicol.sty
Package: multicol 2021/11/30 v1.9d multicolumn formatting (FMi)
\c@tracingmulticols=\count344
\mult@box=\box92
\multicol@leftmargin=\dimen289
\c@unbalance=\count345
\c@collectmore=\count346
\doublecol@number=\count347
\multicoltolerance=\count348
\multicolpretolerance=\count349
\full@width=\dimen290
\page@free=\dimen291
\premulticols=\dimen292
\postmulticols=\dimen293
\multicolsep=\skip57
\multicolbaselineskip=\skip58
\partial@page=\box93
\last@line=\box94
\maxbalancingoverflow=\dimen294
\mult@rightbox=\box95
\mult@grightbox=\box96
\mult@firstbox=\box97
\mult@gfirstbox=\box98
\@tempa=\box99
\@tempa=\box100
\@tempa=\box101
\@tempa=\box102
\@tempa=\box103
\@tempa=\box104
\@tempa=\box105
\@tempa=\box106
\@tempa=\box107
\@tempa=\box108
\@tempa=\box109
\@tempa=\box110
\@tempa=\box111
\@tempa=\box112
\@tempa=\box113
\@tempa=\box114
\@tempa=\box115
\@tempa=\box116
\@tempa=\box117
\@tempa=\box118
\@tempa=\box119
\@tempa=\box120
\@tempa=\box121
\@tempa=\box122
\@tempa=\box123
\@tempa=\box124
\@tempa=\box125
\@tempa=\box126
\@tempa=\box127
\@tempa=\box128
\@tempa=\box129
\@tempa=\box130
\@tempa=\box131
\@tempa=\box132
\@tempa=\box133
\@tempa=\box134
\c@minrows=\count350
\c@columnbadness=\count351
\c@finalcolumnbadness=\count352
\last@try=\dimen295
\multicolovershoot=\dimen296
\multicolundershoot=\dimen297
\mult@nat@firstbox=\box135
\colbreak@box=\box136
\mc@col@check@num=\count353
) (/app/texlive/texmf-dist/tex/latex/listings/listings.sty
\lst@mode=\count354
\lst@gtempboxa=\box137
\lst@token=\toks54
\lst@length=\count355
\lst@currlwidth=\dimen298
\lst@column=\count356
\lst@pos=\count357
\lst@lostspace=\dimen299
\lst@width=\dimen300
\lst@newlines=\count358
\lst@lineno=\count359
\lst@maxwidth=\dimen301

(/app/texlive/texmf-dist/tex/latex/listings/lstmisc.sty
File: lstmisc.sty 2023/02/27 1.9 (Carsten Heinz)
\c@lstnumber=\count360
\lst@skipnumbers=\count361
\lst@framebox=\box138
)
(/app/texlive/texmf-dist/tex/latex/listings/listings.cfg
File: listings.cfg 2023/02/27 1.9 listings configuration
))
Package: listings 2023/02/27 1.9 (Carsten Heinz)
\c@esempio=\count362
 (./main.aux)
\openout1 = `main.aux'.

LaTeX Font Info:    Checking defaults for OML/cmm/m/it on input line 76.
LaTeX Font Info:    ... okay on input line 76.
LaTeX Font Info:    Checking defaults for OMS/cmsy/m/n on input line 76.
LaTeX Font Info:    ... okay on input line 76.
LaTeX Font Info:    Checking defaults for OT1/cmr/m/n on input line 76.
LaTeX Font Info:    ... okay on input line 76.
LaTeX Font Info:    Checking defaults for T1/cmr/m/n on input line 76.
LaTeX Font Info:    ... okay on input line 76.
LaTeX Font Info:    Checking defaults for TS1/cmr/m/n on input line 76.
LaTeX Font Info:    ... okay on input line 76.
LaTeX Font Info:    Checking defaults for OMX/cmex/m/n on input line 76.
LaTeX Font Info:    ... okay on input line 76.
LaTeX Font Info:    Checking defaults for U/cmr/m/n on input line 76.
LaTeX Font Info:    ... okay on input line 76.
LaTeX Font Info:    Checking defaults for PD1/pdf/m/n on input line 76.
LaTeX Font Info:    ... okay on input line 76.
LaTeX Font Info:    Checking defaults for PU/pdf/m/n on input line 76.
LaTeX Font Info:    ... okay on input line 76.

(/app/texlive/texmf-dist/tex/context/base/mkii/supp-pdf.mkii
[Loading MPS to PDF converter (version 2006.09.02).]
\scratchcounter=\count363
\scratchdimen=\dimen302
\scratchbox=\box139
\nofMPsegments=\count364
\nofMParguments=\count365
\everyMPshowfont=\toks55
\MPscratchCnt=\count366
\MPscratchDim=\dimen303
\MPnumerator=\count367
\makeMPintoPDFobject=\count368
\everyMPtoPDFconversion=\toks56
) (/app/texlive/texmf-dist/tex/latex/epstopdf-pkg/epstopdf-base.sty
Package: epstopdf-base 2020-01-24 v2.11 Base part for package epstopdf
Package epstopdf-base Info: Redefining graphics rule for `.eps' on input line 4
85.

(/app/texlive/texmf-dist/tex/latex/latexconfig/epstopdf-sys.cfg
File: epstopdf-sys.cfg 2010/07/13 v1.3 Configuration of (r)epstopdf for TeX Liv
e
))
*geometry* driver: auto-detecting
*geometry* detected driver: pdftex
*geometry* verbose mode - [ preamble ] result:
* driver: pdftex
* paper: a4paper
* layout: <same size as paper>
* layoutoffset:(h,v)=(0.0pt,0.0pt)
* modes: 
* h-part:(L,W,R)=(56.9055pt, 483.69684pt, 56.90553pt)
* v-part:(T,H,B)=(56.9055pt, 731.23582pt, 56.90552pt)
* \paperwidth=597.50787pt
* \paperheight=845.04684pt
* \textwidth=483.69684pt
* \textheight=731.23582pt
* \oddsidemargin=-15.36449pt
* \evensidemargin=-15.36449pt
* \topmargin=-52.36449pt
* \headheight=12.0pt
* \headsep=25.0pt
* \topskip=10.0pt
* \footskip=30.0pt
* \marginparwidth=65.0pt
* \marginparsep=11.0pt
* \columnsep=10.0pt
* \skip\footins=9.0pt plus 4.0pt minus 2.0pt
* \hoffset=0.0pt
* \voffset=0.0pt
* \mag=1000
* \@twocolumnfalse
* \@twosidefalse
* \@mparswitchfalse
* \@reversemarginfalse
* (1in=72.27pt=25.4mm, 1cm=28.453pt)

Package hyperref Info: Link coloring OFF on input line 76.
(./main.out) (./main.out)
\@outlinefile=\write6
\openout6 = `main.out'.

Package caption Info: Begin \AtBeginDocument code.
Package caption Info: listings package is loaded.
Package caption Info: End \AtBeginDocument code.
\c@lstlisting=\count369
 (./main.toc
Underfull \hbox (badness 10000) in paragraph at lines 75--75
 [][] [][]\OT1/cmr/m/n/9 Soluzioni uti-liz-zate in prat-ica: 
 []

)
\tf@toc=\write7
\openout7 = `main.toc'.

 [1

{/app/texlive/texmf-var/fonts/map/pdftex/updmap/pdftex.map}]
<graphics//screenshot001.png, id=286, 466.74374pt x 402.75468pt>
File: graphics//screenshot001.png Graphic file (type png)
<use graphics//screenshot001.png>
Package pdftex.def Info: graphics//screenshot001.png  used on input line 131.
(pdftex.def)             Requested size: 193.47577pt x 166.94955pt.

Overfull \hbox (6.79999pt too wide) in paragraph at lines 136--137
[] 
 []

[2{/app/texlive/texmf-dist/fonts/enc/dvips/cm-super/cm-super-ts1.enc} <./graphi
cs//screenshot001.png>]
<graphics/screenshot002.png, id=300, 628.59843pt x 342.5297pt>
File: graphics/screenshot002.png Graphic file (type png)
<use graphics/screenshot002.png>
Package pdftex.def Info: graphics/screenshot002.png  used on input line 140.
(pdftex.def)             Requested size: 338.5863pt x 184.49811pt.
<graphics/screenshot003.png, id=301, 556.32843pt x 394.47375pt>
File: graphics/screenshot003.png Graphic file (type png)
<use graphics/screenshot003.png>
Package pdftex.def Info: graphics/screenshot003.png  used on input line 160.
(pdftex.def)             Requested size: 193.47577pt x 137.18907pt.
 [3 <./graphics/screenshot002.png> <./graphics/screenshot003.png>]
Overfull \hbox (6.79999pt too wide) in paragraph at lines 165--166
[] 
 []


Overfull \hbox (6.79999pt too wide) in paragraph at lines 214--215
[] 
 []

[4]
Overfull \hbox (6.79999pt too wide) in paragraph at lines 255--256
[] 
 []

[5]
<graphics/screenshot004.png, id=331, 791.95876pt x 552.56438pt>
File: graphics/screenshot004.png Graphic file (type png)
<use graphics/screenshot004.png>
Package pdftex.def Info: graphics/screenshot004.png  used on input line 264.
(pdftex.def)             Requested size: 435.32419pt x 303.73428pt.
 [6 <./graphics/screenshot004.png>]
<graphics/screenshot005.png, id=340, 723.45282pt x 499.11469pt>
File: graphics/screenshot005.png Graphic file (type png)
<use graphics/screenshot005.png>
Package pdftex.def Info: graphics/screenshot005.png  used on input line 301.
(pdftex.def)             Requested size: 338.5863pt x 233.59386pt.

Overfull \hbox (6.79999pt too wide) in paragraph at lines 314--315
[] 
 []

[7 <./graphics/screenshot005.png>]
<graphics/screenshot006.png, id=349, 116.68594pt x 138.5175pt>
File: graphics/screenshot006.png Graphic file (type png)
<use graphics/screenshot006.png>
Package pdftex.def Info: graphics/screenshot006.png  used on input line 332.
(pdftex.def)             Requested size: 96.73788pt x 114.84267pt.

Overfull \hbox (6.79999pt too wide) in paragraph at lines 339--340
[] 
 []

<graphics/screenshot007.png, id=350, 781.41937pt x 549.55313pt>
File: graphics/screenshot007.png Graphic file (type png)
<use graphics/screenshot007.png>
Package pdftex.def Info: graphics/screenshot007.png  used on input line 343.
(pdftex.def)             Requested size: 338.5863pt x 238.1145pt.

LaTeX Warning: `!h' float specifier changed to `!ht'.

[8 <./graphics/screenshot006.png>]
Overfull \hbox (6.79999pt too wide) in paragraph at lines 351--352
[] 
 []


Overfull \hbox (6.79999pt too wide) in paragraph at lines 355--356
[] 
 []

[9 <./graphics/screenshot007.png>]
<graphics/screenshot008.png, id=364, 395.97937pt x 422.32782pt>
File: graphics/screenshot008.png Graphic file (type png)
<use graphics/screenshot008.png>
Package pdftex.def Info: graphics/screenshot008.png  used on input line 388.
(pdftex.def)             Requested size: 232.17241pt x 247.62463pt.
<graphics/screenshot009.png, id=365, 463.7325pt x 473.51906pt>
File: graphics/screenshot009.png Graphic file (type png)
<use graphics/screenshot009.png>
Package pdftex.def Info: graphics/screenshot009.png  used on input line 393.
(pdftex.def)             Requested size: 232.17241pt x 237.07684pt.

Overfull \hbox (6.79999pt too wide) in paragraph at lines 414--415
[] 
 []

<graphics/screenshot010.png, id=366, 678.28406pt x 465.99094pt>
File: graphics/screenshot010.png Graphic file (type png)
<use graphics/screenshot010.png>
Package pdftex.def Info: graphics/screenshot010.png  used on input line 421.
(pdftex.def)             Requested size: 338.5863pt x 232.61093pt.

LaTeX Warning: `!h' float specifier changed to `!ht'.

[10 <./graphics/screenshot008.png> <./graphics/screenshot009.png>]
Overfull \hbox (6.79999pt too wide) in paragraph at lines 429--430
[] 
 []

<graphics/screenshot011.png, id=375, 567.62062pt x 260.47313pt>
File: graphics/screenshot011.png Graphic file (type png)
<use graphics/screenshot011.png>
Package pdftex.def Info: graphics/screenshot011.png  used on input line 436.
(pdftex.def)             Requested size: 241.84842pt x 110.97981pt.
<graphics/screenshot012.png, id=376, 681.29532pt x 277.035pt>
File: graphics/screenshot012.png Graphic file (type png)
<use graphics/screenshot012.png>
Package pdftex.def Info: graphics/screenshot012.png  used on input line 445.
(pdftex.def)             Requested size: 338.5863pt x 137.68016pt.
[11 <./graphics/screenshot010.png> <./graphics/screenshot011.png>]
<graphics/screenshot013.png, id=385, 585.68813pt x 334.24875pt>
File: graphics/screenshot013.png Graphic file (type png)
<use graphics/screenshot013.png>
Package pdftex.def Info: graphics/screenshot013.png  used on input line 462.
(pdftex.def)             Requested size: 232.17241pt x 132.49857pt.


Package caption Warning: The option `hypcap=true' will be ignored for this
(caption)                particular \caption on input line 463.
See the caption package documentation for explanation.

<graphics/screenshot014.png, id=386, 544.28343pt x 271.0125pt>
File: graphics/screenshot014.png Graphic file (type png)
<use graphics/screenshot014.png>
Package pdftex.def Info: graphics/screenshot014.png  used on input line 468.
(pdftex.def)             Requested size: 232.17241pt x 115.60265pt.

Package caption Warning: The option `hypcap=true' will be ignored for this
(caption)                particular \caption on input line 469.
See the caption package documentation for explanation.

[12 <./graphics/screenshot012.png> <./graphics/screenshot013.png> <./graphics/s
creenshot014.png>]
<graphics/screenshot015.png, id=404, 629.35126pt x 357.58594pt>
File: graphics/screenshot015.png Graphic file (type png)
<use graphics/screenshot015.png>
Package pdftex.def Info: graphics/screenshot015.png  used on input line 503.
(pdftex.def)             Requested size: 232.17241pt x 131.91731pt.
<graphics/screenshot016.png, id=405, 600.74437pt x 330.48468pt>
File: graphics/screenshot016.png Graphic file (type png)
<use graphics/screenshot016.png>
Package pdftex.def Info: graphics/screenshot016.png  used on input line 508.
(pdftex.def)             Requested size: 232.17241pt x 127.72362pt.
<graphics/screenshot017.png, id=406, 529.98pt x 307.1475pt>
File: graphics/screenshot017.png Graphic file (type png)
<use graphics/screenshot017.png>
Package pdftex.def Info: graphics/screenshot017.png  used on input line 525.
(pdftex.def)             Requested size: 338.5863pt x 196.22691pt.
 [13 <./graphics/screenshot015.png> <./graphics/screenshot016.png> <./graphics/
screenshot017.png>]
<graphics/screenshot018.png, id=423, 645.16031pt x 386.94562pt>
File: graphics/screenshot018.png Graphic file (type png)
<use graphics/screenshot018.png>
Package pdftex.def Info: graphics/screenshot018.png  used on input line 533.
(pdftex.def)             Requested size: 338.5863pt x 203.07274pt.
<graphics/screenshot019.png, id=424, 666.99188pt x 383.18156pt>
File: graphics/screenshot019.png Graphic file (type png)
<use graphics/screenshot019.png>
Package pdftex.def Info: graphics/screenshot019.png  used on input line 538.
(pdftex.def)             Requested size: 338.5863pt x 194.51958pt.
<graphics/screenshot020.png, id=425, 666.99188pt x 383.18156pt>
File: graphics/screenshot020.png Graphic file (type png)
<use graphics/screenshot020.png>
Package pdftex.def Info: graphics/screenshot020.png  used on input line 543.
(pdftex.def)             Requested size: 338.5863pt x 194.51958pt.
 [14 <./graphics/screenshot018.png> <./graphics/screenshot019.png> <./graphics/
screenshot020.png>]
<graphics/screenshot021.png, id=436, 712.91344pt x 228.855pt>
File: graphics/screenshot021.png Graphic file (type png)
<use graphics/screenshot021.png>
Package pdftex.def Info: graphics/screenshot021.png  used on input line 549.
(pdftex.def)             Requested size: 338.5863pt x 108.68979pt.
<graphics/screenshot022.png, id=437, 712.91344pt x 228.855pt>
File: graphics/screenshot022.png Graphic file (type png)
<use graphics/screenshot022.png>
Package pdftex.def Info: graphics/screenshot022.png  used on input line 554.
(pdftex.def)             Requested size: 338.5863pt x 108.68979pt.
<graphics/screenshot023.png, id=438, 712.91344pt x 228.855pt>
File: graphics/screenshot023.png Graphic file (type png)
<use graphics/screenshot023.png>
Package pdftex.def Info: graphics/screenshot023.png  used on input line 560.
(pdftex.def)             Requested size: 338.5863pt x 108.68979pt.
<graphics/screenshot024.png, id=439, 722.7pt x 294.34969pt>
File: graphics/screenshot024.png Graphic file (type png)
<use graphics/screenshot024.png>
Package pdftex.def Info: graphics/screenshot024.png  used on input line 566.
(pdftex.def)             Requested size: 338.5863pt x 137.9042pt.
 [15 <./graphics/screenshot021.png> <./graphics/screenshot022.png> <./graphics/
screenshot023.png> <./graphics/screenshot024.png>]
<graphics/screenshot025.png, id=452, 722.7pt x 294.34969pt>
File: graphics/screenshot025.png Graphic file (type png)
<use graphics/screenshot025.png>
Package pdftex.def Info: graphics/screenshot025.png  used on input line 572.
(pdftex.def)             Requested size: 338.5863pt x 137.9042pt.
<graphics/screenshot026.png, id=453, 722.7pt x 294.34969pt>
File: graphics/screenshot026.png Graphic file (type png)
<use graphics/screenshot026.png>
Package pdftex.def Info: graphics/screenshot026.png  used on input line 578.
(pdftex.def)             Requested size: 338.5863pt x 137.9042pt.
<graphics/screenshot027.png, id=454, 722.7pt x 294.34969pt>
File: graphics/screenshot027.png Graphic file (type png)
<use graphics/screenshot027.png>
Package pdftex.def Info: graphics/screenshot027.png  used on input line 584.
(pdftex.def)             Requested size: 338.5863pt x 137.9042pt.
<graphics/screenshot028.png, id=455, 728.7225pt x 293.59688pt>
File: graphics/screenshot028.png Graphic file (type png)
<use graphics/screenshot028.png>
Package pdftex.def Info: graphics/screenshot028.png  used on input line 590.
(pdftex.def)             Requested size: 338.5863pt x 136.4136pt.
 [16 <./graphics/screenshot025.png> <./graphics/screenshot026.png> <./graphics/
screenshot027.png> <./graphics/screenshot028.png>]
<graphics/screenshot029.png, id=468, 728.7225pt x 293.59688pt>
File: graphics/screenshot029.png Graphic file (type png)
<use graphics/screenshot029.png>
Package pdftex.def Info: graphics/screenshot029.png  used on input line 597.
(pdftex.def)             Requested size: 338.5863pt x 136.4136pt.
<graphics/screenshot030.png, id=469, 728.7225pt x 293.59688pt>
File: graphics/screenshot030.png Graphic file (type png)
<use graphics/screenshot030.png>
Package pdftex.def Info: graphics/screenshot030.png  used on input line 603.
(pdftex.def)             Requested size: 338.5863pt x 136.4136pt.
<graphics/screenshot031.png, id=470, 728.7225pt x 293.59688pt>
File: graphics/screenshot031.png Graphic file (type png)
<use graphics/screenshot031.png>
Package pdftex.def Info: graphics/screenshot031.png  used on input line 609.
(pdftex.def)             Requested size: 338.5863pt x 136.4136pt.
<graphics/screenshot032.png, id=471, 728.7225pt x 293.59688pt>
File: graphics/screenshot032.png Graphic file (type png)
<use graphics/screenshot032.png>
Package pdftex.def Info: graphics/screenshot032.png  used on input line 615.
(pdftex.def)             Requested size: 338.5863pt x 136.4136pt.

[17 <./graphics/screenshot029.png> <./graphics/screenshot030.png> <./graphics/s
creenshot031.png> <./graphics/screenshot032.png>]
<graphics/screenshot033.png, id=484, 627.09282pt x 405.76593pt>
File: graphics/screenshot033.png Graphic file (type png)
<use graphics/screenshot033.png>
Package pdftex.def Info: graphics/screenshot033.png  used on input line 634.
(pdftex.def)             Requested size: 217.6621pt x 140.83763pt.
<graphics/screenshot034.png, id=485, 630.85687pt x 261.97874pt>
File: graphics/screenshot034.png Graphic file (type png)
<use graphics/screenshot034.png>
Package pdftex.def Info: graphics/screenshot034.png  used on input line 640.
(pdftex.def)             Requested size: 338.5863pt x 140.60695pt.

Overfull \hbox (6.79999pt too wide) in paragraph at lines 656--657
[] 
 []

[18 <./graphics/screenshot033.png> <./graphics/screenshot034.png>]
<graphics/screenshot036.png, id=495, 623.32875pt x 200.24812pt>
File: graphics/screenshot036.png Graphic file (type png)
<use graphics/screenshot036.png>
Package pdftex.def Info: graphics/screenshot036.png  used on input line 663.
(pdftex.def)             Requested size: 338.5863pt x 108.77403pt.
<graphics/screenshot037.png, id=496, 623.32875pt x 200.24812pt>
File: graphics/screenshot037.png Graphic file (type png)
<use graphics/screenshot037.png>
Package pdftex.def Info: graphics/screenshot037.png  used on input line 669.
(pdftex.def)             Requested size: 290.22105pt x 93.23663pt.
<graphics/screenshot038.png, id=497, 623.32875pt x 200.24812pt>
File: graphics/screenshot038.png Graphic file (type png)
<use graphics/screenshot038.png>
Package pdftex.def Info: graphics/screenshot038.png  used on input line 675.
(pdftex.def)             Requested size: 290.22105pt x 93.23663pt.
<graphics/screenshot039.png, id=498, 623.32875pt x 200.24812pt>
File: graphics/screenshot039.png Graphic file (type png)
<use graphics/screenshot039.png>
Package pdftex.def Info: graphics/screenshot039.png  used on input line 681.
(pdftex.def)             Requested size: 290.22105pt x 93.23663pt.
<graphics/screenshot040.png, id=499, 623.32875pt x 200.24812pt>
File: graphics/screenshot040.png Graphic file (type png)
<use graphics/screenshot040.png>
Package pdftex.def Info: graphics/screenshot040.png  used on input line 687.
(pdftex.def)             Requested size: 338.5863pt x 108.77403pt.
 [19 <./graphics/screenshot036.png> <./graphics/screenshot037.png> <./graphics/
screenshot038.png> <./graphics/screenshot039.png> <./graphics/screenshot040.png
>]
<graphics/screenshot041.png, id=516, 623.32875pt x 200.24812pt>
File: graphics/screenshot041.png Graphic file (type png)
<use graphics/screenshot041.png>
Package pdftex.def Info: graphics/screenshot041.png  used on input line 694.
(pdftex.def)             Requested size: 290.22105pt x 93.23663pt.
<graphics/screenshot042.png, id=517, 639.13782pt x 261.97874pt>
File: graphics/screenshot042.png Graphic file (type png)
<use graphics/screenshot042.png>
Package pdftex.def Info: graphics/screenshot042.png  used on input line 700.
(pdftex.def)             Requested size: 338.5863pt x 138.7841pt.
<graphics/screenshot043.png, id=518, 639.13782pt x 261.97874pt>
File: graphics/screenshot043.png Graphic file (type png)
<use graphics/screenshot043.png>
Package pdftex.def Info: graphics/screenshot043.png  used on input line 709.
(pdftex.def)             Requested size: 290.22105pt x 118.96066pt.
<graphics/screenshot044.png, id=519, 639.13782pt x 261.97874pt>
File: graphics/screenshot044.png Graphic file (type png)
<use graphics/screenshot044.png>
Package pdftex.def Info: graphics/screenshot044.png  used on input line 717.
(pdftex.def)             Requested size: 290.22105pt x 118.96066pt.
 [20 <./graphics/screenshot041.png> <./graphics/screenshot042.png> <./graphics/
screenshot043.png> <./graphics/screenshot044.png>]
Overfull \hbox (4.80377pt too wide) in paragraph at lines 723--724
[]\OT1/cmr/m/n/10 Costruire un pos-si-bile B+Tree (fan-out = 4) che con-tenga i
 seguenti nodi foglia: $(1\OML/cmm/m/it/10 ; \OT1/cmr/m/n/10 2\OML/cmm/m/it/10 
; \OT1/cmr/m/n/10 4)\OML/cmm/m/it/10 ; \OT1/cmr/m/n/10 (6\OML/cmm/m/it/10 ; \OT
1/cmr/m/n/10 7)\OML/cmm/m/it/10 ; \OT1/cmr/m/n/10 (8\OML/cmm/m/it/10 ; \OT1/cmr
/m/n/10 9)\OML/cmm/m/it/10 ; \OT1/cmr/m/n/10 (11\OML/cmm/m/it/10 ; \OT1/cmr/m/n
/10 13)$ 
 []

<graphics/screenshot045.png, id=532, 626.34pt x 217.5628pt>
File: graphics/screenshot045.png Graphic file (type png)
<use graphics/screenshot045.png>
Package pdftex.def Info: graphics/screenshot045.png  used on input line 730.
(pdftex.def)             Requested size: 338.5863pt x 117.61163pt.
<graphics/screenshot046.png, id=533, 640.64343pt x 255.95625pt>
File: graphics/screenshot046.png Graphic file (type png)
<use graphics/screenshot046.png>
Package pdftex.def Info: graphics/screenshot046.png  used on input line 738.
(pdftex.def)             Requested size: 338.5863pt x 135.27731pt.

Overfull \hbox (43.6927pt too wide) in paragraph at lines 744--745
[]\OT1/cmr/m/n/10 Costruire un pos-si-bile B+Tree con fan-out = 4 che con-tenga
 i seguenti nodi foglia: $(1\OML/cmm/m/it/10 ; \OT1/cmr/m/n/10 2\OML/cmm/m/it/1
0 ; \OT1/cmr/m/n/10 4)\OML/cmm/m/it/10 ; \OT1/cmr/m/n/10 (7\OML/cmm/m/it/10 ; \
OT1/cmr/m/n/10 10)\OML/cmm/m/it/10 ; \OT1/cmr/m/n/10 (11\OML/cmm/m/it/10 ; \OT1
/cmr/m/n/10 15)\OML/cmm/m/it/10 ; \OT1/cmr/m/n/10 (16\OML/cmm/m/it/10 ; \OT1/cm
r/m/n/10 19\OML/cmm/m/it/10 ; \OT1/cmr/m/n/10 20)$ 
 []

[21 <./graphics/screenshot045.png> <./graphics/screenshot046.png>]
Overfull \hbox (6.79999pt too wide) in paragraph at lines 771--772
[] 
 []

<graphics/screenshot047.png, id=549, 580.41844pt x 360.59718pt>
File: graphics/screenshot047.png Graphic file (type png)
<use graphics/screenshot047.png>
Package pdftex.def Info: graphics/screenshot047.png  used on input line 776.
(pdftex.def)             Requested size: 241.84842pt x 150.25578pt.
[22 <./graphics/screenshot047.png>]
<graphics/screenshot048.png, id=556, 533.74406pt x 396.7322pt>
File: graphics/screenshot048.png Graphic file (type png)
<use graphics/screenshot048.png>
Package pdftex.def Info: graphics/screenshot048.png  used on input line 816.
(pdftex.def)             Requested size: 290.22105pt x 215.72743pt.
 [23 <./graphics/screenshot048.png>]
<graphics/screenshot049.png, id=563, 714.41907pt x 316.93407pt>
File: graphics/screenshot049.png Graphic file (type png)
<use graphics/screenshot049.png>
Package pdftex.def Info: graphics/screenshot049.png  used on input line 828.
(pdftex.def)             Requested size: 338.5863pt x 150.20671pt.

Overfull \hbox (31.80002pt too wide) in paragraph at lines 861--862
[] 
 []


Overfull \hbox (2.91881pt too wide) in paragraph at lines 865--865
[]\OT1/cmr/m/it/10 checkpoint\OT1/cmr/m/n/10 : Op-er-azione che viene svolta pe
-ri-odica-mente ed ha l'obiettivo di reg-is-trare quali transazione
 []

[24 <./graphics/screenshot049.png>]
<graphics/screenshot050.png, id=570, 584.93532pt x 380.92313pt>
File: graphics/screenshot050.png Graphic file (type png)
<use graphics/screenshot050.png>
Package pdftex.def Info: graphics/screenshot050.png  used on input line 872.
(pdftex.def)             Requested size: 338.5863pt x 220.50543pt.
 [25 <./graphics/screenshot050.png>]
<graphics/screenshot051.png, id=578, 843.90282pt x 204.01219pt>
File: graphics/screenshot051.png Graphic file (type png)
<use graphics/screenshot051.png>
Package pdftex.def Info: graphics/screenshot051.png  used on input line 935.
(pdftex.def)             Requested size: 338.5863pt x 81.85246pt.
<graphics/screenshot052.png, id=579, 858.95906pt x 188.20313pt>
File: graphics/screenshot052.png Graphic file (type png)
<use graphics/screenshot052.png>
Package pdftex.def Info: graphics/screenshot052.png  used on input line 951.
(pdftex.def)             Requested size: 338.5863pt x 74.18578pt.


LaTeX Warning: `!h' float specifier changed to `!ht'.

[26 <./graphics/screenshot051.png>]
<graphics/screenshot053.png, id=586, 861.9703pt x 183.68625pt>
File: graphics/screenshot053.png Graphic file (type png)
<use graphics/screenshot053.png>
Package pdftex.def Info: graphics/screenshot053.png  used on input line 960.
(pdftex.def)             Requested size: 338.5863pt x 72.15305pt.
<graphics/screenshot054.png, id=587, 563.10374pt x 365.11406pt>
File: graphics/screenshot054.png Graphic file (type png)
<use graphics/screenshot054.png>
Package pdftex.def Info: graphics/screenshot054.png  used on input line 976.
(pdftex.def)             Requested size: 338.5863pt x 219.5381pt.
 [27 <./graphics/screenshot052.png> <./graphics/screenshot053.png> <./graphics/
screenshot054.png>]
<graphics/screenshot055.png, id=598, 846.16125pt x 629.35126pt>
File: graphics/screenshot055.png Graphic file (type png)
<use graphics/screenshot055.png>
Package pdftex.def Info: graphics/screenshot055.png  used on input line 1011.
(pdftex.def)             Requested size: 338.5863pt x 251.82246pt.
 [28 <./graphics/screenshot055.png>]
<graphics/screenshot056.png, id=609, 973.38657pt x 642.90187pt>
File: graphics/screenshot056.png Graphic file (type png)
<use graphics/screenshot056.png>
Package pdftex.def Info: graphics/screenshot056.png  used on input line 1018.
(pdftex.def)             Requested size: 232.17241pt x 153.33823pt.
<graphics/screenshot057.png, id=610, 728.7225pt x 491.58656pt>
File: graphics/screenshot057.png Graphic file (type png)
<use graphics/screenshot057.png>
Package pdftex.def Info: graphics/screenshot057.png  used on input line 1023.
(pdftex.def)             Requested size: 232.17241pt x 156.62082pt.
<graphics/screenshot058.png, id=611, 640.64343pt x 481.8pt>
File: graphics/screenshot058.png Graphic file (type png)
<use graphics/screenshot058.png>
Package pdftex.def Info: graphics/screenshot058.png  used on input line 1028.
(pdftex.def)             Requested size: 232.17241pt x 174.60207pt.
<graphics/screenshot059.png, id=612, 644.4075pt x 487.06969pt>
File: graphics/screenshot059.png Graphic file (type png)
<use graphics/screenshot059.png>
Package pdftex.def Info: graphics/screenshot059.png  used on input line 1033.
(pdftex.def)             Requested size: 232.17241pt x 175.48615pt.
<graphics/screenshot060.png, id=613, 761.09344pt x 127.22531pt>
File: graphics/screenshot060.png Graphic file (type png)
<use graphics/screenshot060.png>
Package pdftex.def Info: graphics/screenshot060.png  used on input line 1046.
(pdftex.def)             Requested size: 338.5863pt x 56.60051pt.
<graphics/screenshot061.png, id=614, 513.41812pt x 402.00188pt>
File: graphics/screenshot061.png Graphic file (type png)
<use graphics/screenshot061.png>
Package pdftex.def Info: graphics/screenshot061.png  used on input line 1061.
(pdftex.def)             Requested size: 338.5863pt x 265.1135pt.


LaTeX Warning: `!h' float specifier changed to `!ht'.

[29 <./graphics/screenshot056.png> <./graphics/screenshot057.png> <./graphics/s
creenshot058.png> <./graphics/screenshot059.png> <./graphics/screenshot060.png>
]
<graphics/screenshot063.png, id=625, 657.2053pt x 127.22531pt>
File: graphics/screenshot063.png Graphic file (type png)
<use graphics/screenshot063.png>
Package pdftex.def Info: graphics/screenshot063.png  used on input line 1079.
(pdftex.def)             Requested size: 338.5863pt x 65.54602pt.
<graphics/screenshot064.png, id=626, 441.14813pt x 249.93375pt>
File: graphics/screenshot064.png Graphic file (type png)
<use graphics/screenshot064.png>
Package pdftex.def Info: graphics/screenshot064.png  used on input line 1084.
(pdftex.def)             Requested size: 241.84842pt x 137.02159pt.
 [30 <./graphics/screenshot061.png> <./graphics/screenshot063.png> <./graphics/
screenshot064.png>]
<graphics/screenshot065.png, id=637, 620.3175pt x 296.60812pt>
File: graphics/screenshot065.png Graphic file (type png)
<use graphics/screenshot065.png>
Package pdftex.def Info: graphics/screenshot065.png  used on input line 1093.
(pdftex.def)             Requested size: 338.5863pt x 161.89487pt.
<graphics/screenshot066.png, id=638, 642.14906pt x 243.91125pt>
File: graphics/screenshot066.png Graphic file (type png)
<use graphics/screenshot066.png>
Package pdftex.def Info: graphics/screenshot066.png  used on input line 1103.
(pdftex.def)             Requested size: 338.5863pt x 128.60986pt.
<graphics/screenshot067.png, id=639, 682.04813pt x 375.65344pt>
File: graphics/screenshot067.png Graphic file (type png)
<use graphics/screenshot067.png>
Package pdftex.def Info: graphics/screenshot067.png  used on input line 1108.
(pdftex.def)             Requested size: 338.5863pt x 186.48495pt.
<graphics/screenshot068.png, id=640, 557.08125pt x 360.59718pt>
File: graphics/screenshot068.png Graphic file (type png)
<use graphics/screenshot068.png>
Package pdftex.def Info: graphics/screenshot068.png  used on input line 1114.
(pdftex.def)             Requested size: 338.5863pt x 219.17163pt.
 [31 <./graphics/screenshot065.png> <./graphics/screenshot066.png> <./graphics/
screenshot067.png>]
<graphics/screenshot069.png, id=652, 609.77812pt x 401.24907pt>
File: graphics/screenshot069.png Graphic file (type png)
<use graphics/screenshot069.png>
Package pdftex.def Info: graphics/screenshot069.png  used on input line 1141.
(pdftex.def)             Requested size: 338.5863pt x 222.80606pt.


LaTeX Warning: `!h' float specifier changed to `!ht'.

<graphics/screenshot070.png, id=653, 498.36188pt x 359.84438pt>
File: graphics/screenshot070.png Graphic file (type png)
<use graphics/screenshot070.png>
Package pdftex.def Info: graphics/screenshot070.png  used on input line 1146.
(pdftex.def)             Requested size: 338.5863pt x 244.48228pt.

LaTeX Warning: `!h' float specifier changed to `!ht'.

[32 <./graphics/screenshot068.png>] [33 <./graphics/screenshot069.png> <./graph
ics/screenshot070.png>]
<graphics/screenshot071.png, id=674, 598.48593pt x 433.62pt>
File: graphics/screenshot071.png Graphic file (type png)
<use graphics/screenshot071.png>
Package pdftex.def Info: graphics/screenshot071.png  used on input line 1165.
(pdftex.def)             Requested size: 338.5863pt x 245.31996pt.
<graphics/screenshot072.png, id=675, 598.48593pt x 433.62pt>
File: graphics/screenshot072.png Graphic file (type png)
<use graphics/screenshot072.png>
Package pdftex.def Info: graphics/screenshot072.png  used on input line 1170.
(pdftex.def)             Requested size: 338.5863pt x 245.31996pt.
<graphics/screenshot073.png, id=676, 435.12563pt x 239.39438pt>
File: graphics/screenshot073.png Graphic file (type png)
<use graphics/screenshot073.png>
Package pdftex.def Info: graphics/screenshot073.png  used on input line 1179.
(pdftex.def)             Requested size: 193.47577pt x 106.44797pt.
 [34 <./graphics/screenshot071.png> <./graphics/screenshot072.png> <./graphics/
screenshot073.png>]
<graphics/screenshot074.png, id=687, 551.05875pt x 230.36063pt>
File: graphics/screenshot074.png Graphic file (type png)
<use graphics/screenshot074.png>
Package pdftex.def Info: graphics/screenshot074.png  used on input line 1198.
(pdftex.def)             Requested size: 338.5863pt x 141.54614pt.
<graphics/screenshot075.png, id=688, 491.58656pt x 307.90031pt>
File: graphics/screenshot075.png Graphic file (type png)
<use graphics/screenshot075.png>
Package pdftex.def Info: graphics/screenshot075.png  used on input line 1216.
(pdftex.def)             Requested size: 232.17241pt x 145.41788pt.

Underfull \hbox (badness 4805) in paragraph at lines 1220--1221
\OT1/cmr/bx/n/10 sono ben for-mate \OT1/cmr/m/n/10 rispetto ai lock-ing, cio^^R
e
 []

[35 <./graphics/screenshot074.png> <./graphics/screenshot075.png>]
<graphics/screenshot076.png, id=699, 588.69937pt x 441.14813pt>
File: graphics/screenshot076.png Graphic file (type png)
<use graphics/screenshot076.png>
Package pdftex.def Info: graphics/screenshot076.png  used on input line 1226.
(pdftex.def)             Requested size: 386.95894pt x 289.97394pt.
 [36 <./graphics/screenshot076.png>] [37]
File: graphics/screenshot002.png Graphic file (type png)
<use graphics/screenshot002.png>
Package pdftex.def Info: graphics/screenshot002.png  used on input line 1269.
(pdftex.def)             Requested size: 338.5863pt x 184.49811pt.
File: graphics/screenshot003.png Graphic file (type png)
<use graphics/screenshot003.png>
Package pdftex.def Info: graphics/screenshot003.png  used on input line 1278.
(pdftex.def)             Requested size: 338.5863pt x 240.08089pt.
 [38] [39]
<graphics/screenshot077.png, id=727, 457.71pt x 167.12437pt>
File: graphics/screenshot077.png Graphic file (type png)
<use graphics/screenshot077.png>
Package pdftex.def Info: graphics/screenshot077.png  used on input line 1305.
(pdftex.def)             Requested size: 338.5863pt x 123.63184pt.
 [40 <./graphics/screenshot077.png>]
<graphics/screenshot078.png, id=735, 727.21687pt x 428.35031pt>
File: graphics/screenshot078.png Graphic file (type png)
<use graphics/screenshot078.png>
Package pdftex.def Info: graphics/screenshot078.png  used on input line 1326.
(pdftex.def)             Requested size: 338.5863pt x 199.44228pt.
<graphics/screenshot079.png, id=736, 703.87968pt x 363.60844pt>
File: graphics/screenshot079.png Graphic file (type png)
<use graphics/screenshot079.png>
Package pdftex.def Info: graphics/screenshot079.png  used on input line 1331.
(pdftex.def)             Requested size: 435.32419pt x 224.87453pt.

Overfull \hbox (2.7393pt too wide) in paragraph at lines 1344--1345
\OT1/cmr/m/n/10 Sono mem-o-riz-zate nel "cat-a-l-ogo" e ag-gior-nate pe-ri-odic
a-mente. Sono uti-liz-zati nella fase fi-nale dell'ottimizzazione,
 []

[41 <./graphics/screenshot078.png> <./graphics/screenshot079.png>]
<graphics/screenshot080.png, id=747, 338.01282pt x 130.98938pt>
File: graphics/screenshot080.png Graphic file (type png)
<use graphics/screenshot080.png>
Package pdftex.def Info: graphics/screenshot080.png  used on input line 1358.
(pdftex.def)             Requested size: 290.22105pt x 112.47076pt.
<graphics/screenshot081.png, id=748, 465.99094pt x 281.55188pt>
File: graphics/screenshot081.png Graphic file (type png)
<use graphics/screenshot081.png>
Package pdftex.def Info: graphics/screenshot081.png  used on input line 1377.
(pdftex.def)             Requested size: 338.5863pt x 204.58171pt.
 [42 <./graphics/screenshot080.png> <./graphics/screenshot081.png>]
Overfull \hbox (6.79999pt too wide) in paragraph at lines 1397--1398
[] 
 []

<graphics/screenshot082.png, id=758, 499.11469pt x 235.63031pt>
File: graphics/screenshot082.png Graphic file (type png)
<use graphics/screenshot082.png>
Package pdftex.def Info: graphics/screenshot082.png  used on input line 1401.
(pdftex.def)             Requested size: 290.22105pt x 137.01442pt.
[43 <./graphics/screenshot082.png>] (./main.aux)
Package rerunfilecheck Info: File `main.out' has not changed.
(rerunfilecheck)             Checksum: 2F726BB690FDAD77B21D5ADA69827F13;9347.
 ) 
Here is how much of TeX's memory you used:
 34716 strings out of 476041
 756467 string characters out of 5793175
 1882388 words of memory out of 6000000
 54399 multiletter control sequences out of 15000+600000
 522111 words of font info for 65 fonts, out of 8000000 for 9000
 1137 hyphenation exceptions out of 8191
 98i,10n,103p,1599b,733s stack positions out of 10000i,1000n,20000p,200000b,200000s
</app/texlive/texmf-dist/fonts/type1/public/amsfonts/cm/cmbx10.pfb></app/texl
ive/texmf-dist/fonts/type1/public/amsfonts/cm/cmbx12.pfb></app/texlive/texmf-di
st/fonts/type1/public/amsfonts/cm/cmbx9.pfb></app/texlive/texmf-dist/fonts/type
1/public/amsfonts/cm/cmbxti10.pfb></app/texlive/texmf-dist/fonts/type1/public/a
msfonts/cm/cmmi10.pfb></app/texlive/texmf-dist/fonts/type1/public/amsfonts/cm/c
mmi12.pfb></app/texlive/texmf-dist/fonts/type1/public/amsfonts/cm/cmmi7.pfb></a
pp/texlive/texmf-dist/fonts/type1/public/amsfonts/cm/cmmi8.pfb></app/texlive/te
xmf-dist/fonts/type1/public/amsfonts/cm/cmr10.pfb></app/texlive/texmf-dist/font
s/type1/public/amsfonts/cm/cmr12.pfb></app/texlive/texmf-dist/fonts/type1/publi
c/amsfonts/cm/cmr7.pfb></app/texlive/texmf-dist/fonts/type1/public/amsfonts/cm/
cmr8.pfb></app/texlive/texmf-dist/fonts/type1/public/amsfonts/cm/cmr9.pfb></app
/texlive/texmf-dist/fonts/type1/public/amsfonts/cm/cmsy10.pfb></app/texlive/tex
mf-dist/fonts/type1/public/amsfonts/cm/cmsy7.pfb></app/texlive/texmf-dist/fonts
/type1/public/amsfonts/cm/cmsy8.pfb></app/texlive/texmf-dist/fonts/type1/public
/amsfonts/cm/cmti10.pfb></app/texlive/texmf-dist/fonts/type1/public/amsfonts/cm
/cmti9.pfb></app/texlive/texmf-dist/fonts/type1/public/cm-super/sfrm1000.pfb>
Output written on main.pdf (43 pages, 4226517 bytes).
PDF statistics:
 902 PDF objects out of 1000 (max. 8388607)
 652 compressed objects within 7 object streams
 228 named destinations out of 1000 (max. 500000)
 837 words of extra memory for PDF output out of 10000 (max. 10000000)

