\BOOKMARK [0][-]{part.1}{\376\377\000I\000\040\000T\000e\000o\000r\000i\000a}{}% 1
\BOOKMARK [1][-]{section.1}{\376\377\000I\000n\000t\000r\000o\000d\000u\000z\000i\000o\000n\000e}{part.1}% 2
\BOOKMARK [2][-]{subsection.1.1}{\376\377\000M\000o\000d\000u\000l\000i\000\040\000d\000i\000\040\000u\000n\000\040\000D\000B\000M\000S}{section.1}% 3
\BOOKMARK [2][-]{subsection.1.2}{\376\377\000C\000o\000n\000d\000i\000v\000i\000s\000i\000o\000n\000e\000\040\000d\000i\000\040\000u\000n\000a\000\040\000B\000D}{section.1}% 4
\BOOKMARK [2][-]{subsection.1.3}{\376\377\000G\000e\000s\000t\000i\000o\000n\000e\000\040\000d\000e\000l\000l\000a\000\040\000m\000e\000m\000o\000r\000i\000a\000\040\000s\000e\000c\000o\000n\000d\000a\000r\000i\000a}{section.1}% 5
\BOOKMARK [3][-]{subsubsection.1.3.1}{\376\377\000B\000u\000f\000f\000e\000r}{subsection.1.3}% 6
\BOOKMARK [3][-]{subsubsection.1.3.2}{\376\377\000G\000e\000s\000t\000i\000o\000n\000e\000\040\000d\000e\000l\000\040\000b\000u\000f\000f\000e\000r}{subsection.1.3}% 7
\BOOKMARK [1][-]{section.2}{\376\377\000G\000e\000s\000t\000i\000o\000n\000e\000\040\000d\000e\000l\000l\000e\000\040\000T\000U\000P\000L\000E\000\040\000n\000e\000l\000l\000e\000\040\000p\000a\000g\000i\000n\000e}{part.1}% 8
\BOOKMARK [2][-]{subsection.2.1}{\376\377\000S\000t\000r\000u\000t\000t\000u\000r\000e\000\040\000s\000e\000q\000u\000e\000n\000z\000i\000a\000l\000i}{section.2}% 9
\BOOKMARK [3][-]{subsubsection.2.1.1}{\376\377\000S\000t\000r\000u\000t\000t\000u\000r\000a\000\040\000s\000e\000r\000i\000a\000l\000e\000\040\000\050\000d\000i\000s\000o\000r\000d\000i\000n\000a\000t\000a\000\051}{subsection.2.1}% 10
\BOOKMARK [3][-]{subsubsection.2.1.2}{\376\377\000S\000t\000r\000u\000t\000t\000u\000r\000a\000\040\000a\000d\000\040\000a\000r\000r\000a\000y}{subsection.2.1}% 11
\BOOKMARK [3][-]{subsubsection.2.1.3}{\376\377\000S\000t\000r\000u\000t\000t\000u\000r\000e\000\040\000o\000r\000d\000i\000n\000a\000t\000e\000\040\000\050\000c\000l\000u\000s\000t\000e\000r\000e\000d\000\051}{subsection.2.1}% 12
\BOOKMARK [2][-]{subsection.2.2}{\376\377\000S\000t\000r\000u\000t\000t\000u\000r\000e\000\040\000a\000d\000\040\000a\000c\000c\000e\000s\000s\000o\000\040\000c\000a\000l\000c\000o\000l\000a\000t\000o\000:\000\040\000H\000A\000S\000H}{section.2}% 13
\BOOKMARK [3][-]{subsubsection.2.2.1}{\376\377\000F\000i\000l\000e\000\040\000H\000A\000S\000H}{subsection.2.2}% 14
\BOOKMARK [2][-]{subsection.2.3}{\376\377\000S\000t\000r\000u\000t\000t\000u\000r\000e\000\040\000a\000d\000\040\000A\000l\000b\000e\000r\000o}{section.2}% 15
\BOOKMARK [3][-]{subsubsection.2.3.1}{\376\377\000I\000n\000d\000i\000c\000i\000\040\000d\000i\000\040\000f\000i\000l\000e}{subsection.2.3}% 16
\BOOKMARK [2][-]{subsection.2.4}{\376\377\000S\000t\000r\000u\000t\000t\000u\000r\000e\000\040\000a\000d\000\040\000a\000l\000b\000e\000r\000o\000\040\000d\000i\000n\000a\000m\000i\000c\000h\000e}{section.2}% 17
\BOOKMARK [3][-]{subsubsection.2.4.1}{\376\377\000A\000l\000b\000e\000r\000o\000\040\000b\000i\000n\000a\000r\000i\000o\000\040\000d\000i\000\040\000r\000i\000c\000e\000r\000c\000a}{subsection.2.4}% 18
\BOOKMARK [3][-]{subsubsection.2.4.2}{\376\377\000A\000l\000b\000e\000r\000o\000\040\000d\000i\000\040\000r\000i\000c\000e\000r\000c\000a\000\040\000d\000i\000\040\000o\000r\000d\000i\000n\000e\000\040\000Q}{subsection.2.4}% 19
\BOOKMARK [3][-]{subsubsection.2.4.3}{\376\377\000B\000-\000T\000r\000e\000e}{subsection.2.4}% 20
\BOOKMARK [3][-]{subsubsection.2.4.4}{\376\377\000B\000+\000\040\000T\000r\000e\000e}{subsection.2.4}% 21
\BOOKMARK [1][-]{section.3}{\376\377\000G\000e\000s\000t\000i\000o\000n\000e\000\040\000d\000e\000l\000l\000e\000\040\000t\000r\000a\000n\000s\000a\000z\000i\000o\000n\000i}{part.1}% 22
\BOOKMARK [2][-]{subsection.3.1}{\376\377\000P\000r\000o\000p\000r\000i\000e\000t\000\340\000\040\000A\000C\000I\000D\000\040\000d\000e\000l\000l\000e\000\040\000t\000r\000a\000n\000s\000a\000z\000i\000o\000n\000i}{section.3}% 23
\BOOKMARK [3][-]{subsubsection.3.1.1}{\376\377\000A\000t\000o\000m\000i\000c\000i\000t\000\340}{subsection.3.1}% 24
\BOOKMARK [3][-]{subsubsection.3.1.2}{\376\377\000C\000o\000n\000s\000i\000s\000t\000e\000n\000z\000a}{subsection.3.1}% 25
\BOOKMARK [3][-]{subsubsection.3.1.3}{\376\377\000I\000s\000o\000l\000a\000m\000e\000n\000t\000o}{subsection.3.1}% 26
\BOOKMARK [3][-]{subsubsection.3.1.4}{\376\377\000D\000u\000r\000a\000b\000i\000l\000i\000t\000\340\000\040\000\050\000p\000e\000r\000s\000i\000s\000t\000e\000n\000z\000a\000\051}{subsection.3.1}% 27
\BOOKMARK [2][-]{subsection.3.2}{\376\377\000G\000e\000s\000t\000o\000r\000e\000\040\000d\000e\000l\000l\000e\000\040\000t\000r\000a\000n\000s\000a\000z\000i\000o\000n\000i}{section.3}% 28
\BOOKMARK [3][-]{subsubsection.3.2.1}{\376\377\000G\000e\000s\000t\000o\000r\000e\000\040\000d\000e\000l\000l\000'\000a\000f\000f\000i\000d\000a\000b\000i\000l\000i\000t\000\340}{subsection.3.2}% 29
\BOOKMARK [3][-]{subsubsection.3.2.2}{\376\377\000I\000l\000\040\000l\000o\000g}{subsection.3.2}% 30
\BOOKMARK [3][-]{subsubsection.3.2.3}{\376\377\000U\000N\000D\000O\000\040\000e\000\040\000R\000E\000D\000O}{subsection.3.2}% 31
\BOOKMARK [3][-]{subsubsection.3.2.4}{\376\377\000C\000h\000e\000c\000k\000p\000o\000i\000n\000t}{subsection.3.2}% 32
\BOOKMARK [3][-]{subsubsection.3.2.5}{\376\377\000D\000u\000m\000p}{subsection.3.2}% 33
\BOOKMARK [3][-]{subsubsection.3.2.6}{\376\377\000E\000s\000i\000t\000o\000\040\000d\000i\000\040\000u\000n\000a\000\040\000t\000r\000a\000n\000s\000a\000z\000i\000o\000n\000e}{subsection.3.2}% 34
\BOOKMARK [3][-]{subsubsection.3.2.7}{\376\377\000R\000e\000g\000o\000l\000e\000\040\000f\000o\000n\000d\000a\000m\000e\000n\000t\000a\000l\000i\000\040\000p\000e\000r\000\040\000i\000l\000\040\000l\000o\000g}{subsection.3.2}% 35
\BOOKMARK [1][-]{section.4}{\376\377\000G\000e\000s\000t\000i\000o\000n\000e\000\040\000d\000e\000i\000\040\000g\000u\000a\000s\000t\000i}{part.1}% 36
\BOOKMARK [2][-]{subsection.4.1}{\376\377\000R\000i\000p\000r\000e\000s\000a\000\040\000a\000\040\000c\000a\000l\000d\000o}{section.4}% 37
\BOOKMARK [2][-]{subsection.4.2}{\376\377\000R\000i\000p\000r\000e\000s\000a\000\040\000a\000\040\000f\000r\000e\000d\000d\000o}{section.4}% 38
\BOOKMARK [1][-]{section.5}{\376\377\000G\000e\000s\000t\000o\000r\000e\000\040\000d\000e\000l\000l\000a\000\040\000c\000o\000n\000c\000o\000r\000r\000e\000n\000z\000a}{part.1}% 39
\BOOKMARK [2][-]{subsection.5.1}{\376\377\000A\000n\000o\000m\000a\000l\000i\000e\000\040\000d\000e\000l\000l\000e\000\040\000t\000r\000a\000n\000s\000a\000z\000i\000o\000n\000i\000\040\000c\000o\000n\000c\000o\000r\000r\000e\000n\000t\000i}{section.5}% 40
\BOOKMARK [3][-]{subsubsection.5.1.1}{\376\377\000P\000e\000r\000d\000i\000t\000a\000\040\000d\000i\000\040\000a\000g\000g\000i\000o\000r\000n\000a\000m\000e\000n\000t\000o}{subsection.5.1}% 41
\BOOKMARK [3][-]{subsubsection.5.1.2}{\376\377\000L\000e\000t\000t\000u\000r\000a\000\040\000s\000p\000o\000r\000c\000a}{subsection.5.1}% 42
\BOOKMARK [3][-]{subsubsection.5.1.3}{\376\377\000L\000e\000t\000t\000u\000r\000e\000\040\000i\000n\000c\000o\000n\000s\000i\000s\000t\000e\000n\000t\000i}{subsection.5.1}% 43
\BOOKMARK [3][-]{subsubsection.5.1.4}{\376\377\000A\000g\000g\000i\000o\000r\000n\000a\000m\000e\000n\000t\000o\000\040\000f\000a\000n\000t\000a\000s\000m\000a}{subsection.5.1}% 44
\BOOKMARK [2][-]{subsection.5.2}{\376\377\000C\000o\000n\000t\000r\000o\000l\000l\000o\000\040\000d\000i\000\040\000C\000o\000n\000c\000o\000r\000r\000e\000n\000z\000a}{section.5}% 45
\BOOKMARK [3][-]{subsubsection.5.2.1}{\376\377\000S\000o\000l\000u\000z\000i\000o\000n\000i\000\040\000i\000n\000i\000z\000i\000a\000l\000i\000\040\000N\000O\000N\000\040\000a\000p\000p\000l\000i\000c\000a\000b\000i\000l\000i}{subsection.5.2}% 46
\BOOKMARK [3][-]{subsubsection.5.2.2}{\376\377\000S\000o\000l\000u\000z\000i\000o\000n\000i\000\040\000u\000t\000i\000l\000i\000z\000z\000a\000t\000e\000\040\000i\000n\000\040\000p\000r\000a\000t\000i\000c\000a\000:\000\040\000L\000O\000C\000K\000I\000N\000G}{subsection.5.2}% 47
\BOOKMARK [3][-]{subsubsection.5.2.3}{\376\377\000M\000e\000c\000c\000a\000n\000i\000s\000m\000i\000\040\000d\000i\000\040\000l\000o\000c\000k\000i\000n\000g}{subsection.5.2}% 48
\BOOKMARK [3][-]{subsubsection.5.2.4}{\376\377\000L\000o\000c\000k\000i\000n\000g\000\040\000a\000\040\000d\000u\000e\000\040\000f\000a\000s\000i\000\040\000s\000t\000r\000e\000t\000t\000o}{subsection.5.2}% 49
\BOOKMARK [3][-]{subsubsection.5.2.5}{\376\377\000S\000t\000a\000l\000l\000o\000\040\000\050\000d\000e\000a\000d\000l\000o\000c\000k\000\051\000\040\000-\000\040\000b\000l\000o\000c\000c\000o\000\040\000c\000r\000i\000t\000i\000c\000o}{subsection.5.2}% 50
\BOOKMARK [1][-]{section.6}{\376\377\000P\000o\000s\000s\000i\000b\000i\000l\000i\000\040\000d\000o\000m\000a\000n\000d\000e\000\040\000d\000'\000e\000s\000a\000m\000e}{part.1}% 51
\BOOKMARK [1][-]{section.7}{\376\377\000C\000o\000s\000e\000\040\000c\000h\000e\000\040\000m\000i\000\040\000s\000o\000n\000o\000\040\000d\000i\000m\000e\000n\000t\000i\000c\000a\000t\000o\000\040\000d\000i\000\040\000i\000n\000s\000e\000r\000i\000r\000e}{part.1}% 52
\BOOKMARK [2][-]{subsection.7.1}{\376\377\000G\000e\000s\000t\000o\000r\000e\000\040\000d\000e\000l\000l\000e\000\040\000i\000n\000t\000e\000r\000r\000o\000g\000a\000z\000i\000o\000n\000i}{section.7}% 53
